01 Feb 2023 - 14:51:01.530 - o.m.uz.OnlineMarketServerApplication -  INFO  - Starting OnlineMarketServerApplication using Java 17.0.5 with PID 14660 (D:\Programming\Projects\Process\online-market-server\target\classes started by Sardorbek in D:\Programming\Projects\Process\online-market-server)
01 Feb 2023 - 14:51:01.606 - o.m.uz.OnlineMarketServerApplication -  DEBUG - Running with Spring Boot v3.0.2, Spring v6.0.4
01 Feb 2023 - 14:51:01.608 - o.m.uz.OnlineMarketServerApplication -  INFO  - The following 1 profile is active: "dev"
01 Feb 2023 - 14:51:03.474 - o.s.d.r.c.RepositoryConfigurationDelegate -  INFO  - Bootstrapping Spring Data JPA repositories in DEFAULT mode.
01 Feb 2023 - 14:51:04.143 - o.s.d.r.c.RepositoryConfigurationDelegate -  INFO  - Finished Spring Data repository scanning in 648 ms. Found 19 JPA repository interfaces.
01 Feb 2023 - 14:51:05.370 - o.s.b.w.e.tomcat.TomcatWebServer -  INFO  - Tomcat initialized with port(s): 8888 (http)
01 Feb 2023 - 14:51:05.390 - o.a.catalina.core.StandardService -  INFO  - Starting service [Tomcat]
01 Feb 2023 - 14:51:05.391 - o.a.catalina.core.StandardEngine -  INFO  - Starting Servlet engine: [Apache Tomcat/10.1.5]
01 Feb 2023 - 14:51:05.597 - o.a.c.c.C.[Tomcat].[localhost].[/] -  INFO  - Initializing Spring embedded WebApplicationContext
01 Feb 2023 - 14:51:05.598 - o.s.b.w.s.c.ServletWebServerApplicationContext -  INFO  - Root WebApplicationContext: initialization completed in 3896 ms
01 Feb 2023 - 14:51:05.883 - o.h.jpa.internal.util.LogHelper -  INFO  - HHH000204: Processing PersistenceUnitInfo [name: default]
01 Feb 2023 - 14:51:05.999 - org.hibernate.Version -  INFO  - HHH000412: Hibernate ORM core version 6.1.6.Final
01 Feb 2023 - 14:51:06.377 - org.hibernate.orm.deprecation -  WARN  - HHH90000021: Encountered deprecated setting [javax.persistence.sharedCache.mode], use [jakarta.persistence.sharedCache.mode] instead
01 Feb 2023 - 14:51:06.767 - com.zaxxer.hikari.HikariDataSource -  INFO  - HikariPool-1 - Starting...
01 Feb 2023 - 14:51:07.298 - com.zaxxer.hikari.pool.HikariPool -  INFO  - HikariPool-1 - Added connection org.postgresql.jdbc.PgConnection@7c4b5ceb
01 Feb 2023 - 14:51:07.307 - com.zaxxer.hikari.HikariDataSource -  INFO  - HikariPool-1 - Start completed.
01 Feb 2023 - 14:51:07.464 - SQL dialect -  INFO  - HHH000400: Using dialect: org.hibernate.dialect.PostgreSQLDialect
01 Feb 2023 - 14:51:11.560 - o.h.e.t.j.p.i.JtaPlatformInitiator -  INFO  - HHH000490: Using JtaPlatform implementation: [org.hibernate.engine.transaction.jta.platform.internal.NoJtaPlatform]
01 Feb 2023 - 14:51:11.586 - o.s.o.j.LocalContainerEntityManagerFactoryBean -  INFO  - Initialized JPA EntityManagerFactory for persistence unit 'default'
01 Feb 2023 - 14:51:13.677 - o.s.b.w.e.tomcat.TomcatWebServer -  INFO  - Tomcat started on port(s): 8888 (http) with context path ''
01 Feb 2023 - 14:51:13.691 - o.m.uz.OnlineMarketServerApplication -  INFO  - Started OnlineMarketServerApplication in 13.214 seconds (process running for 15.024)
01 Feb 2023 - 15:45:50.595 - com.zaxxer.hikari.pool.HikariPool -  WARN  - HikariPool-1 - Thread starvation or clock leap detected (housekeeper delta=11m11s908ms117µs900ns).
01 Feb 2023 - 15:55:01.452 - o.s.o.j.LocalContainerEntityManagerFactoryBean -  INFO  - Closing JPA EntityManagerFactory for persistence unit 'default'
01 Feb 2023 - 15:55:01.609 - com.zaxxer.hikari.HikariDataSource -  INFO  - HikariPool-1 - Shutdown initiated...
01 Feb 2023 - 15:55:01.635 - com.zaxxer.hikari.HikariDataSource -  INFO  - HikariPool-1 - Shutdown completed.
01 Feb 2023 - 15:55:13.409 - o.m.uz.OnlineMarketServerApplication -  INFO  - Starting OnlineMarketServerApplication using Java 17.0.5 with PID 3440 (D:\Programming\Projects\Process\online-market-server\target\classes started by Sardorbek in D:\Programming\Projects\Process\online-market-server)
01 Feb 2023 - 15:55:13.431 - o.m.uz.OnlineMarketServerApplication -  DEBUG - Running with Spring Boot v3.0.2, Spring v6.0.4
01 Feb 2023 - 15:55:13.432 - o.m.uz.OnlineMarketServerApplication -  INFO  - The following 1 profile is active: "dev"
01 Feb 2023 - 15:55:14.707 - o.s.d.r.c.RepositoryConfigurationDelegate -  INFO  - Bootstrapping Spring Data JPA repositories in DEFAULT mode.
01 Feb 2023 - 15:55:15.389 - o.s.d.r.c.RepositoryConfigurationDelegate -  INFO  - Finished Spring Data repository scanning in 668 ms. Found 19 JPA repository interfaces.
01 Feb 2023 - 15:55:16.131 - o.s.b.w.e.tomcat.TomcatWebServer -  INFO  - Tomcat initialized with port(s): 8888 (http)
01 Feb 2023 - 15:55:16.148 - o.a.catalina.core.StandardService -  INFO  - Starting service [Tomcat]
01 Feb 2023 - 15:55:16.149 - o.a.catalina.core.StandardEngine -  INFO  - Starting Servlet engine: [Apache Tomcat/10.1.5]
01 Feb 2023 - 15:55:16.304 - o.a.c.c.C.[Tomcat].[localhost].[/] -  INFO  - Initializing Spring embedded WebApplicationContext
01 Feb 2023 - 15:55:16.305 - o.s.b.w.s.c.ServletWebServerApplicationContext -  INFO  - Root WebApplicationContext: initialization completed in 2788 ms
01 Feb 2023 - 15:55:16.534 - o.h.jpa.internal.util.LogHelper -  INFO  - HHH000204: Processing PersistenceUnitInfo [name: default]
01 Feb 2023 - 15:55:16.623 - org.hibernate.Version -  INFO  - HHH000412: Hibernate ORM core version 6.1.6.Final
01 Feb 2023 - 15:55:16.884 - org.hibernate.orm.deprecation -  WARN  - HHH90000021: Encountered deprecated setting [javax.persistence.sharedCache.mode], use [jakarta.persistence.sharedCache.mode] instead
01 Feb 2023 - 15:55:17.048 - com.zaxxer.hikari.HikariDataSource -  INFO  - HikariPool-1 - Starting...
01 Feb 2023 - 15:55:17.289 - com.zaxxer.hikari.pool.HikariPool -  INFO  - HikariPool-1 - Added connection org.postgresql.jdbc.PgConnection@214b342f
01 Feb 2023 - 15:55:17.291 - com.zaxxer.hikari.HikariDataSource -  INFO  - HikariPool-1 - Start completed.
01 Feb 2023 - 15:55:17.365 - SQL dialect -  INFO  - HHH000400: Using dialect: org.hibernate.dialect.PostgreSQLDialect
01 Feb 2023 - 15:55:19.595 - o.h.e.t.j.p.i.JtaPlatformInitiator -  INFO  - HHH000490: Using JtaPlatform implementation: [org.hibernate.engine.transaction.jta.platform.internal.NoJtaPlatform]
01 Feb 2023 - 15:55:19.609 - o.s.o.j.LocalContainerEntityManagerFactoryBean -  INFO  - Initialized JPA EntityManagerFactory for persistence unit 'default'
01 Feb 2023 - 15:55:21.012 - o.s.b.w.e.tomcat.TomcatWebServer -  INFO  - Tomcat started on port(s): 8888 (http) with context path ''
01 Feb 2023 - 15:55:21.024 - o.m.uz.OnlineMarketServerApplication -  INFO  - Started OnlineMarketServerApplication in 8.347 seconds (process running for 9.617)
01 Feb 2023 - 16:09:37.992 - o.s.o.j.LocalContainerEntityManagerFactoryBean -  INFO  - Closing JPA EntityManagerFactory for persistence unit 'default'
01 Feb 2023 - 16:09:37.996 - com.zaxxer.hikari.HikariDataSource -  INFO  - HikariPool-1 - Shutdown initiated...
01 Feb 2023 - 16:09:38.012 - com.zaxxer.hikari.HikariDataSource -  INFO  - HikariPool-1 - Shutdown completed.
01 Feb 2023 - 16:09:47.005 - o.m.uz.OnlineMarketServerApplication -  INFO  - Starting OnlineMarketServerApplication using Java 17.0.5 with PID 8212 (D:\Programming\Projects\Process\online-market-server\target\classes started by Sardorbek in D:\Programming\Projects\Process\online-market-server)
01 Feb 2023 - 16:09:47.032 - o.m.uz.OnlineMarketServerApplication -  DEBUG - Running with Spring Boot v3.0.2, Spring v6.0.4
01 Feb 2023 - 16:09:47.033 - o.m.uz.OnlineMarketServerApplication -  INFO  - The following 1 profile is active: "dev"
01 Feb 2023 - 16:09:48.160 - o.s.d.r.c.RepositoryConfigurationDelegate -  INFO  - Bootstrapping Spring Data JPA repositories in DEFAULT mode.
01 Feb 2023 - 16:09:48.455 - o.s.d.r.c.RepositoryConfigurationDelegate -  INFO  - Finished Spring Data repository scanning in 285 ms. Found 19 JPA repository interfaces.
01 Feb 2023 - 16:09:49.130 - o.s.b.w.e.tomcat.TomcatWebServer -  INFO  - Tomcat initialized with port(s): 8888 (http)
01 Feb 2023 - 16:09:49.143 - o.a.catalina.core.StandardService -  INFO  - Starting service [Tomcat]
01 Feb 2023 - 16:09:49.144 - o.a.catalina.core.StandardEngine -  INFO  - Starting Servlet engine: [Apache Tomcat/10.1.5]
01 Feb 2023 - 16:09:49.270 - o.a.c.c.C.[Tomcat].[localhost].[/] -  INFO  - Initializing Spring embedded WebApplicationContext
01 Feb 2023 - 16:09:49.271 - o.s.b.w.s.c.ServletWebServerApplicationContext -  INFO  - Root WebApplicationContext: initialization completed in 2152 ms
01 Feb 2023 - 16:09:49.484 - o.h.jpa.internal.util.LogHelper -  INFO  - HHH000204: Processing PersistenceUnitInfo [name: default]
01 Feb 2023 - 16:09:49.546 - org.hibernate.Version -  INFO  - HHH000412: Hibernate ORM core version 6.1.6.Final
01 Feb 2023 - 16:09:49.750 - org.hibernate.orm.deprecation -  WARN  - HHH90000021: Encountered deprecated setting [javax.persistence.sharedCache.mode], use [jakarta.persistence.sharedCache.mode] instead
01 Feb 2023 - 16:09:49.895 - com.zaxxer.hikari.HikariDataSource -  INFO  - HikariPool-1 - Starting...
01 Feb 2023 - 16:09:50.139 - com.zaxxer.hikari.pool.HikariPool -  INFO  - HikariPool-1 - Added connection org.postgresql.jdbc.PgConnection@58c42c8c
01 Feb 2023 - 16:09:50.141 - com.zaxxer.hikari.HikariDataSource -  INFO  - HikariPool-1 - Start completed.
01 Feb 2023 - 16:09:50.204 - SQL dialect -  INFO  - HHH000400: Using dialect: org.hibernate.dialect.PostgreSQLDialect
01 Feb 2023 - 16:09:52.453 - o.h.e.t.j.p.i.JtaPlatformInitiator -  INFO  - HHH000490: Using JtaPlatform implementation: [org.hibernate.engine.transaction.jta.platform.internal.NoJtaPlatform]
01 Feb 2023 - 16:09:52.465 - o.s.o.j.LocalContainerEntityManagerFactoryBean -  INFO  - Initialized JPA EntityManagerFactory for persistence unit 'default'
01 Feb 2023 - 16:09:53.861 - o.s.b.w.e.tomcat.TomcatWebServer -  INFO  - Tomcat started on port(s): 8888 (http) with context path ''
01 Feb 2023 - 16:09:53.873 - o.m.uz.OnlineMarketServerApplication -  INFO  - Started OnlineMarketServerApplication in 7.673 seconds (process running for 8.815)
01 Feb 2023 - 16:10:05.261 - o.s.o.j.LocalContainerEntityManagerFactoryBean -  INFO  - Closing JPA EntityManagerFactory for persistence unit 'default'
01 Feb 2023 - 16:10:05.264 - com.zaxxer.hikari.HikariDataSource -  INFO  - HikariPool-1 - Shutdown initiated...
01 Feb 2023 - 16:10:05.277 - com.zaxxer.hikari.HikariDataSource -  INFO  - HikariPool-1 - Shutdown completed.
01 Feb 2023 - 16:10:15.166 - o.m.uz.OnlineMarketServerApplication -  INFO  - Starting OnlineMarketServerApplication using Java 17.0.5 with PID 13140 (D:\Programming\Projects\Process\online-market-server\target\classes started by Sardorbek in D:\Programming\Projects\Process\online-market-server)
01 Feb 2023 - 16:10:15.190 - o.m.uz.OnlineMarketServerApplication -  DEBUG - Running with Spring Boot v3.0.2, Spring v6.0.4
01 Feb 2023 - 16:10:15.191 - o.m.uz.OnlineMarketServerApplication -  INFO  - The following 1 profile is active: "dev"
01 Feb 2023 - 16:10:16.329 - o.s.d.r.c.RepositoryConfigurationDelegate -  INFO  - Bootstrapping Spring Data JPA repositories in DEFAULT mode.
01 Feb 2023 - 16:10:16.644 - o.s.d.r.c.RepositoryConfigurationDelegate -  INFO  - Finished Spring Data repository scanning in 300 ms. Found 19 JPA repository interfaces.
01 Feb 2023 - 16:10:17.286 - o.s.b.w.e.tomcat.TomcatWebServer -  INFO  - Tomcat initialized with port(s): 8888 (http)
01 Feb 2023 - 16:10:17.299 - o.a.catalina.core.StandardService -  INFO  - Starting service [Tomcat]
01 Feb 2023 - 16:10:17.300 - o.a.catalina.core.StandardEngine -  INFO  - Starting Servlet engine: [Apache Tomcat/10.1.5]
01 Feb 2023 - 16:10:17.425 - o.a.c.c.C.[Tomcat].[localhost].[/] -  INFO  - Initializing Spring embedded WebApplicationContext
01 Feb 2023 - 16:10:17.426 - o.s.b.w.s.c.ServletWebServerApplicationContext -  INFO  - Root WebApplicationContext: initialization completed in 2155 ms
01 Feb 2023 - 16:10:17.639 - o.h.jpa.internal.util.LogHelper -  INFO  - HHH000204: Processing PersistenceUnitInfo [name: default]
01 Feb 2023 - 16:10:17.701 - org.hibernate.Version -  INFO  - HHH000412: Hibernate ORM core version 6.1.6.Final
01 Feb 2023 - 16:10:17.904 - org.hibernate.orm.deprecation -  WARN  - HHH90000021: Encountered deprecated setting [javax.persistence.sharedCache.mode], use [jakarta.persistence.sharedCache.mode] instead
01 Feb 2023 - 16:10:18.046 - com.zaxxer.hikari.HikariDataSource -  INFO  - HikariPool-1 - Starting...
01 Feb 2023 - 16:10:18.302 - com.zaxxer.hikari.pool.HikariPool -  INFO  - HikariPool-1 - Added connection org.postgresql.jdbc.PgConnection@7de147e9
01 Feb 2023 - 16:10:18.304 - com.zaxxer.hikari.HikariDataSource -  INFO  - HikariPool-1 - Start completed.
01 Feb 2023 - 16:10:18.366 - SQL dialect -  INFO  - HHH000400: Using dialect: org.hibernate.dialect.PostgreSQLDialect
01 Feb 2023 - 16:10:20.543 - o.h.e.t.j.p.i.JtaPlatformInitiator -  INFO  - HHH000490: Using JtaPlatform implementation: [org.hibernate.engine.transaction.jta.platform.internal.NoJtaPlatform]
01 Feb 2023 - 16:10:20.556 - o.s.o.j.LocalContainerEntityManagerFactoryBean -  INFO  - Initialized JPA EntityManagerFactory for persistence unit 'default'
01 Feb 2023 - 16:10:21.951 - o.s.b.w.e.tomcat.TomcatWebServer -  INFO  - Tomcat started on port(s): 8888 (http) with context path ''
01 Feb 2023 - 16:10:21.962 - o.m.uz.OnlineMarketServerApplication -  INFO  - Started OnlineMarketServerApplication in 7.589 seconds (process running for 8.633)
01 Feb 2023 - 18:27:53.269 - com.zaxxer.hikari.pool.HikariPool -  WARN  - HikariPool-1 - Thread starvation or clock leap detected (housekeeper delta=1h45m3s280ms707µs300ns).
01 Feb 2023 - 18:40:34.594 - com.zaxxer.hikari.pool.HikariPool -  WARN  - HikariPool-1 - Thread starvation or clock leap detected (housekeeper delta=3m11s97ms836µs400ns).
01 Feb 2023 - 19:37:55.691 - com.zaxxer.hikari.pool.HikariPool -  WARN  - HikariPool-1 - Thread starvation or clock leap detected (housekeeper delta=40m50s856ms738µs500ns).
